\BOOKMARK [0][-]{chapter*.1}{Abstract}{}% 1
\BOOKMARK [0][-]{chapter.1}{Introduction}{}% 2
\BOOKMARK [1][-]{section.1.1}{Defining Outliers}{chapter.1}% 3
\BOOKMARK [1][-]{section.1.2}{Outlier Detection}{chapter.1}% 4
\BOOKMARK [1][-]{section.1.3}{Outlier Detection Applications}{chapter.1}% 5
\BOOKMARK [1][-]{section.1.4}{Machine Learning}{chapter.1}% 6
\BOOKMARK [0][-]{chapter.2}{Local Outlier Factor}{}% 7
\BOOKMARK [1][-]{section.2.1}{Properties of LOF}{chapter.2}% 8
\BOOKMARK [1][-]{section.2.2}{LOF Algorithm}{chapter.2}% 9
\BOOKMARK [0][-]{chapter.3}{Support Vector Machines}{}% 10
\BOOKMARK [1][-]{section.3.1}{Basics of SVMs}{chapter.3}% 11
\BOOKMARK [1][-]{section.3.2}{One Class Support Vector Machine}{chapter.3}% 12
\BOOKMARK [0][-]{chapter.4}{Experiment}{}% 13
\BOOKMARK [1][-]{section.4.1}{Methodology}{chapter.4}% 14
\BOOKMARK [1][-]{section.4.2}{Input Data}{chapter.4}% 15
\BOOKMARK [1][-]{section.4.3}{Evaluation Metrics}{chapter.4}% 16
\BOOKMARK [1][-]{section.4.4}{Analysis and Results}{chapter.4}% 17
\BOOKMARK [1][-]{section.4.5}{Discussion}{chapter.4}% 18
\BOOKMARK [0][-]{chapter.5}{Conclusions}{}% 19
\BOOKMARK [0][-]{chapter*.18}{References}{}% 20
